This is pdfTeX, Version 3.14159265-2.6-1.40.19 (TeX Live 2018) (preloaded format=pdflatex 2018.4.16)  2 SEP 2020 17:32
entering extended mode
 restricted \write18 enabled.
 file:line:error style messages enabled.
 %&-line parsing enabled.
**ReboundNet.tex
(./ReboundNet.tex
LaTeX2e <2018-04-01> patch level 2
Babel <3.18> and hyphenation patterns for 84 language(s) loaded.
(/usr/local/texlive/2018/texmf-dist/tex/latex/base/article.cls
Document Class: article 2014/09/29 v1.4h Standard LaTeX document class
(/usr/local/texlive/2018/texmf-dist/tex/latex/base/size10.clo
File: size10.clo 2014/09/29 v1.4h Standard LaTeX file (size option)
)
\c@part=\count80
\c@section=\count81
\c@subsection=\count82
\c@subsubsection=\count83
\c@paragraph=\count84
\c@subparagraph=\count85
\c@figure=\count86
\c@table=\count87
\abovecaptionskip=\skip41
\belowcaptionskip=\skip42
\bibindent=\dimen102
)
(/usr/local/texlive/2018/texmf-dist/tex/latex/geometry/geometry.sty
Package: geometry 2018/03/24 v5.7 Page Geometry

(/usr/local/texlive/2018/texmf-dist/tex/latex/graphics/keyval.sty
Package: keyval 2014/10/28 v1.15 key=value parser (DPC)
\KV@toks@=\toks14
)
(/usr/local/texlive/2018/texmf-dist/tex/generic/oberdiek/ifpdf.sty
Package: ifpdf 2017/03/15 v3.2 Provides the ifpdf switch
)
(/usr/local/texlive/2018/texmf-dist/tex/generic/oberdiek/ifvtex.sty
Package: ifvtex 2016/05/16 v1.6 Detect VTeX and its facilities (HO)
Package ifvtex Info: VTeX not detected.
)
(/usr/local/texlive/2018/texmf-dist/tex/generic/ifxetex/ifxetex.sty
Package: ifxetex 2010/09/12 v0.6 Provides ifxetex conditional
)
\Gm@cnth=\count88
\Gm@cntv=\count89
\c@Gm@tempcnt=\count90
\Gm@bindingoffset=\dimen103
\Gm@wd@mp=\dimen104
\Gm@odd@mp=\dimen105
\Gm@even@mp=\dimen106
\Gm@layoutwidth=\dimen107
\Gm@layoutheight=\dimen108
\Gm@layouthoffset=\dimen109
\Gm@layoutvoffset=\dimen110
\Gm@dimlist=\toks15
)
(/usr/local/texlive/2018/texmf-dist/tex/latex/graphics/graphicx.sty
Package: graphicx 2017/06/01 v1.1a Enhanced LaTeX Graphics (DPC,SPQR)

(/usr/local/texlive/2018/texmf-dist/tex/latex/graphics/graphics.sty
Package: graphics 2017/06/25 v1.2c Standard LaTeX Graphics (DPC,SPQR)

(/usr/local/texlive/2018/texmf-dist/tex/latex/graphics/trig.sty
Package: trig 2016/01/03 v1.10 sin cos tan (DPC)
)
(/usr/local/texlive/2018/texmf-dist/tex/latex/graphics-cfg/graphics.cfg
File: graphics.cfg 2016/06/04 v1.11 sample graphics configuration
)
Package graphics Info: Driver file: pdftex.def on input line 99.

(/usr/local/texlive/2018/texmf-dist/tex/latex/graphics-def/pdftex.def
File: pdftex.def 2018/01/08 v1.0l Graphics/color driver for pdftex
))
\Gin@req@height=\dimen111
\Gin@req@width=\dimen112
)
(/usr/local/texlive/2018/texmf-dist/tex/latex/hyperref/hyperref.sty
Package: hyperref 2018/02/06 v6.86b Hypertext links for LaTeX

(/usr/local/texlive/2018/texmf-dist/tex/generic/oberdiek/hobsub-hyperref.sty
Package: hobsub-hyperref 2016/05/16 v1.14 Bundle oberdiek, subset hyperref (HO)


(/usr/local/texlive/2018/texmf-dist/tex/generic/oberdiek/hobsub-generic.sty
Package: hobsub-generic 2016/05/16 v1.14 Bundle oberdiek, subset generic (HO)
Package: hobsub 2016/05/16 v1.14 Construct package bundles (HO)
Package: infwarerr 2016/05/16 v1.4 Providing info/warning/error messages (HO)
Package: ltxcmds 2016/05/16 v1.23 LaTeX kernel commands for general use (HO)
Package: ifluatex 2016/05/16 v1.4 Provides the ifluatex switch (HO)
Package ifluatex Info: LuaTeX not detected.
Package hobsub Info: Skipping package `ifvtex' (already loaded).
Package: intcalc 2016/05/16 v1.2 Expandable calculations with integers (HO)
Package hobsub Info: Skipping package `ifpdf' (already loaded).
Package: etexcmds 2016/05/16 v1.6 Avoid name clashes with e-TeX commands (HO)
Package etexcmds Info: Could not find \expanded.
(etexcmds)             That can mean that you are not using pdfTeX 1.50 or
(etexcmds)             that some package has redefined \expanded.
(etexcmds)             In the latter case, load this package earlier.
Package: kvsetkeys 2016/05/16 v1.17 Key value parser (HO)
Package: kvdefinekeys 2016/05/16 v1.4 Define keys (HO)
Package: pdftexcmds 2018/01/30 v0.27 Utility functions of pdfTeX for LuaTeX (HO
)
Package pdftexcmds Info: LuaTeX not detected.
Package pdftexcmds Info: \pdf@primitive is available.
Package pdftexcmds Info: \pdf@ifprimitive is available.
Package pdftexcmds Info: \pdfdraftmode found.
Package: pdfescape 2016/05/16 v1.14 Implements pdfTeX's escape features (HO)
Package: bigintcalc 2016/05/16 v1.4 Expandable calculations on big integers (HO
)
Package: bitset 2016/05/16 v1.2 Handle bit-vector datatype (HO)
Package: uniquecounter 2016/05/16 v1.3 Provide unlimited unique counter (HO)
)
Package hobsub Info: Skipping package `hobsub' (already loaded).
Package: letltxmacro 2016/05/16 v1.5 Let assignment for LaTeX macros (HO)
Package: hopatch 2016/05/16 v1.3 Wrapper for package hooks (HO)
Package: xcolor-patch 2016/05/16 xcolor patch
Package: atveryend 2016/05/16 v1.9 Hooks at the very end of document (HO)
Package atveryend Info: \enddocument detected (standard20110627).
Package: atbegshi 2016/06/09 v1.18 At begin shipout hook (HO)
Package: refcount 2016/05/16 v3.5 Data extraction from label references (HO)
Package: hycolor 2016/05/16 v1.8 Color options for hyperref/bookmark (HO)
)
(/usr/local/texlive/2018/texmf-dist/tex/latex/oberdiek/auxhook.sty
Package: auxhook 2016/05/16 v1.4 Hooks for auxiliary files (HO)
)
(/usr/local/texlive/2018/texmf-dist/tex/latex/oberdiek/kvoptions.sty
Package: kvoptions 2016/05/16 v3.12 Key value format for package options (HO)
)
\@linkdim=\dimen113
\Hy@linkcounter=\count91
\Hy@pagecounter=\count92

(/usr/local/texlive/2018/texmf-dist/tex/latex/hyperref/pd1enc.def
File: pd1enc.def 2018/02/06 v6.86b Hyperref: PDFDocEncoding definition (HO)
Now handling font encoding PD1 ...
... no UTF-8 mapping file for font encoding PD1
)
\Hy@SavedSpaceFactor=\count93

(/usr/local/texlive/2018/texmf-dist/tex/latex/latexconfig/hyperref.cfg
File: hyperref.cfg 2002/06/06 v1.2 hyperref configuration of TeXLive
)
Package hyperref Info: Hyper figures OFF on input line 4509.
Package hyperref Info: Link nesting OFF on input line 4514.
Package hyperref Info: Hyper index ON on input line 4517.
Package hyperref Info: Plain pages OFF on input line 4524.
Package hyperref Info: Backreferencing OFF on input line 4529.
Package hyperref Info: Implicit mode ON; LaTeX internals redefined.
Package hyperref Info: Bookmarks ON on input line 4762.
\c@Hy@tempcnt=\count94

(/usr/local/texlive/2018/texmf-dist/tex/latex/url/url.sty
\Urlmuskip=\muskip10
Package: url 2013/09/16  ver 3.4  Verb mode for urls, etc.
)
LaTeX Info: Redefining \url on input line 5115.
\XeTeXLinkMargin=\dimen114
\Fld@menulength=\count95
\Field@Width=\dimen115
\Fld@charsize=\dimen116
Package hyperref Info: Hyper figures OFF on input line 6369.
Package hyperref Info: Link nesting OFF on input line 6374.
Package hyperref Info: Hyper index ON on input line 6377.
Package hyperref Info: backreferencing OFF on input line 6384.
Package hyperref Info: Link coloring OFF on input line 6389.
Package hyperref Info: Link coloring with OCG OFF on input line 6394.
Package hyperref Info: PDF/A mode OFF on input line 6399.
LaTeX Info: Redefining \ref on input line 6439.
LaTeX Info: Redefining \pageref on input line 6443.
\Hy@abspage=\count96
\c@Item=\count97
\c@Hfootnote=\count98
)
Package hyperref Info: Driver (autodetected): hpdftex.

(/usr/local/texlive/2018/texmf-dist/tex/latex/hyperref/hpdftex.def
File: hpdftex.def 2018/02/06 v6.86b Hyperref driver for pdfTeX
\Fld@listcount=\count99
\c@bookmark@seq@number=\count100

(/usr/local/texlive/2018/texmf-dist/tex/latex/oberdiek/rerunfilecheck.sty
Package: rerunfilecheck 2016/05/16 v1.8 Rerun checks for auxiliary files (HO)
Package uniquecounter Info: New unique counter `rerunfilecheck' on input line 2
82.
)
\Hy@SectionHShift=\skip43
)
Package hyperref Info: Option `colorlinks' set `true' on input line 11.

(/usr/local/texlive/2018/texmf-dist/tex/latex/ms/ragged2e.sty
Package: ragged2e 2009/05/21 v2.1 ragged2e Package (MS)

(/usr/local/texlive/2018/texmf-dist/tex/latex/ms/everysel.sty
Package: everysel 2011/10/28 v1.2 EverySelectfont Package (MS)
)
\CenteringLeftskip=\skip44
\RaggedLeftLeftskip=\skip45
\RaggedRightLeftskip=\skip46
\CenteringRightskip=\skip47
\RaggedLeftRightskip=\skip48
\RaggedRightRightskip=\skip49
\CenteringParfillskip=\skip50
\RaggedLeftParfillskip=\skip51
\RaggedRightParfillskip=\skip52
\JustifyingParfillskip=\skip53
\CenteringParindent=\skip54
\RaggedLeftParindent=\skip55
\RaggedRightParindent=\skip56
\JustifyingParindent=\skip57
)
(/usr/local/texlive/2018/texmf-dist/tex/latex/soul/soul.sty
Package: soul 2003/11/17 v2.4 letterspacing/underlining (mf)
\SOUL@word=\toks16
\SOUL@lasttoken=\toks17
\SOUL@cmds=\toks18
\SOUL@buffer=\toks19
\SOUL@token=\toks20
\SOUL@spaceskip=\skip58
\SOUL@ttwidth=\dimen117
\SOUL@uldp=\dimen118
\SOUL@ulht=\dimen119
)
(/usr/local/texlive/2018/texmf-dist/tex/latex/enumitem/enumitem.sty
Package: enumitem 2011/09/28 v3.5.2 Customized lists
\labelindent=\skip59
\enit@outerparindent=\dimen120
\enit@toks=\toks21
\enit@inbox=\box26
\enitdp@description=\count101
)
(/usr/local/texlive/2018/texmf-dist/tex/latex/xcolor/xcolor.sty
Package: xcolor 2016/05/11 v2.12 LaTeX color extensions (UK)

(/usr/local/texlive/2018/texmf-dist/tex/latex/graphics-cfg/color.cfg
File: color.cfg 2016/01/02 v1.6 sample color configuration
)
Package xcolor Info: Driver file: pdftex.def on input line 225.
Package xcolor Info: Model `cmy' substituted by `cmy0' on input line 1348.
Package xcolor Info: Model `hsb' substituted by `rgb' on input line 1352.
Package xcolor Info: Model `RGB' extended on input line 1364.
Package xcolor Info: Model `HTML' substituted by `rgb' on input line 1366.
Package xcolor Info: Model `Hsb' substituted by `hsb' on input line 1367.
Package xcolor Info: Model `tHsb' substituted by `hsb' on input line 1368.
Package xcolor Info: Model `HSB' substituted by `hsb' on input line 1369.
Package xcolor Info: Model `Gray' substituted by `gray' on input line 1370.
Package xcolor Info: Model `wave' substituted by `hsb' on input line 1371.

(/usr/local/texlive/2018/texmf-dist/tex/latex/graphics/dvipsnam.def
File: dvipsnam.def 2016/06/17 v3.0m Driver-dependent file (DPC,SPQR)
))
(/usr/local/texlive/2018/texmf-dist/tex/latex/bclogo/bclogo.sty
Package: bclogo 2016/01/10 v3.1

(/usr/local/texlive/2018/texmf-dist/tex/latex/xkeyval/xkeyval.sty
Package: xkeyval 2014/12/03 v2.7a package option processing (HA)

(/usr/local/texlive/2018/texmf-dist/tex/generic/xkeyval/xkeyval.tex
(/usr/local/texlive/2018/texmf-dist/tex/generic/xkeyval/xkvutils.tex
\XKV@toks=\toks22
\XKV@tempa@toks=\toks23
)
\XKV@depth=\count102
File: xkeyval.tex 2014/12/03 v2.7a key=value parser (HA)
))
(/usr/local/texlive/2018/texmf-dist/tex/latex/base/ifthen.sty
Package: ifthen 2014/09/29 v1.1c Standard LaTeX ifthen package (DPC)
)
\bc@invboxh=\skip60
\bc@invboxd=\skip61
\bc@titleLength=\skip62
\logowidth=\skip63

(/usr/local/texlive/2018/texmf-dist/tex/latex/pgf/frontendlayer/tikz.sty
(/usr/local/texlive/2018/texmf-dist/tex/latex/pgf/basiclayer/pgf.sty
(/usr/local/texlive/2018/texmf-dist/tex/latex/pgf/utilities/pgfrcs.sty
(/usr/local/texlive/2018/texmf-dist/tex/generic/pgf/utilities/pgfutil-common.te
x
\pgfutil@everybye=\toks24
\pgfutil@tempdima=\dimen121
\pgfutil@tempdimb=\dimen122

(/usr/local/texlive/2018/texmf-dist/tex/generic/pgf/utilities/pgfutil-common-li
sts.tex))
(/usr/local/texlive/2018/texmf-dist/tex/generic/pgf/utilities/pgfutil-latex.def
\pgfutil@abb=\box27
(/usr/local/texlive/2018/texmf-dist/tex/latex/ms/everyshi.sty
Package: everyshi 2001/05/15 v3.00 EveryShipout Package (MS)
))
(/usr/local/texlive/2018/texmf-dist/tex/generic/pgf/utilities/pgfrcs.code.tex
Package: pgfrcs 2015/08/07 v3.0.1a (rcs-revision 1.31)
))
Package: pgf 2015/08/07 v3.0.1a (rcs-revision 1.15)
(/usr/local/texlive/2018/texmf-dist/tex/latex/pgf/basiclayer/pgfcore.sty
(/usr/local/texlive/2018/texmf-dist/tex/latex/pgf/systemlayer/pgfsys.sty
(/usr/local/texlive/2018/texmf-dist/tex/generic/pgf/systemlayer/pgfsys.code.tex
Package: pgfsys 2014/07/09 v3.0.1a (rcs-revision 1.48)
(/usr/local/texlive/2018/texmf-dist/tex/generic/pgf/utilities/pgfkeys.code.tex
\pgfkeys@pathtoks=\toks25
\pgfkeys@temptoks=\toks26

(/usr/local/texlive/2018/texmf-dist/tex/generic/pgf/utilities/pgfkeysfiltered.c
ode.tex
\pgfkeys@tmptoks=\toks27
))
\pgf@x=\dimen123
\pgf@y=\dimen124
\pgf@xa=\dimen125
\pgf@ya=\dimen126
\pgf@xb=\dimen127
\pgf@yb=\dimen128
\pgf@xc=\dimen129
\pgf@yc=\dimen130
\w@pgf@writea=\write3
\r@pgf@reada=\read1
\c@pgf@counta=\count103
\c@pgf@countb=\count104
\c@pgf@countc=\count105
\c@pgf@countd=\count106
\t@pgf@toka=\toks28
\t@pgf@tokb=\toks29
\t@pgf@tokc=\toks30

(/usr/local/texlive/2018/texmf-dist/tex/generic/pgf/systemlayer/pgf.cfg
File: pgf.cfg 2008/05/14  (rcs-revision 1.7)
)
Driver file for pgf: pgfsys-pdftex.def

(/usr/local/texlive/2018/texmf-dist/tex/generic/pgf/systemlayer/pgfsys-pdftex.d
ef
File: pgfsys-pdftex.def 2014/10/11  (rcs-revision 1.35)

(/usr/local/texlive/2018/texmf-dist/tex/generic/pgf/systemlayer/pgfsys-common-p
df.def
File: pgfsys-common-pdf.def 2013/10/10  (rcs-revision 1.13)
)))
(/usr/local/texlive/2018/texmf-dist/tex/generic/pgf/systemlayer/pgfsyssoftpath.
code.tex
File: pgfsyssoftpath.code.tex 2013/09/09  (rcs-revision 1.9)
\pgfsyssoftpath@smallbuffer@items=\count107
\pgfsyssoftpath@bigbuffer@items=\count108
)
(/usr/local/texlive/2018/texmf-dist/tex/generic/pgf/systemlayer/pgfsysprotocol.
code.tex
File: pgfsysprotocol.code.tex 2006/10/16  (rcs-revision 1.4)
))
(/usr/local/texlive/2018/texmf-dist/tex/generic/pgf/basiclayer/pgfcore.code.tex
Package: pgfcore 2010/04/11 v3.0.1a (rcs-revision 1.7)
(/usr/local/texlive/2018/texmf-dist/tex/generic/pgf/math/pgfmath.code.tex
(/usr/local/texlive/2018/texmf-dist/tex/generic/pgf/math/pgfmathcalc.code.tex
(/usr/local/texlive/2018/texmf-dist/tex/generic/pgf/math/pgfmathutil.code.tex)
(/usr/local/texlive/2018/texmf-dist/tex/generic/pgf/math/pgfmathparser.code.tex
\pgfmath@dimen=\dimen131
\pgfmath@count=\count109
\pgfmath@box=\box28
\pgfmath@toks=\toks31
\pgfmath@stack@operand=\toks32
\pgfmath@stack@operation=\toks33
)
(/usr/local/texlive/2018/texmf-dist/tex/generic/pgf/math/pgfmathfunctions.code.
tex
(/usr/local/texlive/2018/texmf-dist/tex/generic/pgf/math/pgfmathfunctions.basic
.code.tex)
(/usr/local/texlive/2018/texmf-dist/tex/generic/pgf/math/pgfmathfunctions.trigo
nometric.code.tex)
(/usr/local/texlive/2018/texmf-dist/tex/generic/pgf/math/pgfmathfunctions.rando
m.code.tex)
(/usr/local/texlive/2018/texmf-dist/tex/generic/pgf/math/pgfmathfunctions.compa
rison.code.tex)
(/usr/local/texlive/2018/texmf-dist/tex/generic/pgf/math/pgfmathfunctions.base.
code.tex)
(/usr/local/texlive/2018/texmf-dist/tex/generic/pgf/math/pgfmathfunctions.round
.code.tex)
(/usr/local/texlive/2018/texmf-dist/tex/generic/pgf/math/pgfmathfunctions.misc.
code.tex)
(/usr/local/texlive/2018/texmf-dist/tex/generic/pgf/math/pgfmathfunctions.integ
erarithmetics.code.tex)))
(/usr/local/texlive/2018/texmf-dist/tex/generic/pgf/math/pgfmathfloat.code.tex
\c@pgfmathroundto@lastzeros=\count110
))
(/usr/local/texlive/2018/texmf-dist/tex/generic/pgf/basiclayer/pgfcorepoints.co
de.tex
File: pgfcorepoints.code.tex 2013/10/07  (rcs-revision 1.27)
\pgf@picminx=\dimen132
\pgf@picmaxx=\dimen133
\pgf@picminy=\dimen134
\pgf@picmaxy=\dimen135
\pgf@pathminx=\dimen136
\pgf@pathmaxx=\dimen137
\pgf@pathminy=\dimen138
\pgf@pathmaxy=\dimen139
\pgf@xx=\dimen140
\pgf@xy=\dimen141
\pgf@yx=\dimen142
\pgf@yy=\dimen143
\pgf@zx=\dimen144
\pgf@zy=\dimen145
)
(/usr/local/texlive/2018/texmf-dist/tex/generic/pgf/basiclayer/pgfcorepathconst
ruct.code.tex
File: pgfcorepathconstruct.code.tex 2013/10/07  (rcs-revision 1.29)
\pgf@path@lastx=\dimen146
\pgf@path@lasty=\dimen147
)
(/usr/local/texlive/2018/texmf-dist/tex/generic/pgf/basiclayer/pgfcorepathusage
.code.tex
File: pgfcorepathusage.code.tex 2014/11/02  (rcs-revision 1.24)
\pgf@shorten@end@additional=\dimen148
\pgf@shorten@start@additional=\dimen149
)
(/usr/local/texlive/2018/texmf-dist/tex/generic/pgf/basiclayer/pgfcorescopes.co
de.tex
File: pgfcorescopes.code.tex 2015/05/08  (rcs-revision 1.46)
\pgfpic=\box29
\pgf@hbox=\box30
\pgf@layerbox@main=\box31
\pgf@picture@serial@count=\count111
)
(/usr/local/texlive/2018/texmf-dist/tex/generic/pgf/basiclayer/pgfcoregraphicst
ate.code.tex
File: pgfcoregraphicstate.code.tex 2014/11/02  (rcs-revision 1.12)
\pgflinewidth=\dimen150
)
(/usr/local/texlive/2018/texmf-dist/tex/generic/pgf/basiclayer/pgfcoretransform
ations.code.tex
File: pgfcoretransformations.code.tex 2015/08/07  (rcs-revision 1.20)
\pgf@pt@x=\dimen151
\pgf@pt@y=\dimen152
\pgf@pt@temp=\dimen153
)
(/usr/local/texlive/2018/texmf-dist/tex/generic/pgf/basiclayer/pgfcorequick.cod
e.tex
File: pgfcorequick.code.tex 2008/10/09  (rcs-revision 1.3)
)
(/usr/local/texlive/2018/texmf-dist/tex/generic/pgf/basiclayer/pgfcoreobjects.c
ode.tex
File: pgfcoreobjects.code.tex 2006/10/11  (rcs-revision 1.2)
)
(/usr/local/texlive/2018/texmf-dist/tex/generic/pgf/basiclayer/pgfcorepathproce
ssing.code.tex
File: pgfcorepathprocessing.code.tex 2013/09/09  (rcs-revision 1.9)
)
(/usr/local/texlive/2018/texmf-dist/tex/generic/pgf/basiclayer/pgfcorearrows.co
de.tex
File: pgfcorearrows.code.tex 2015/05/14  (rcs-revision 1.43)
\pgfarrowsep=\dimen154
)
(/usr/local/texlive/2018/texmf-dist/tex/generic/pgf/basiclayer/pgfcoreshade.cod
e.tex
File: pgfcoreshade.code.tex 2013/07/15  (rcs-revision 1.15)
\pgf@max=\dimen155
\pgf@sys@shading@range@num=\count112
)
(/usr/local/texlive/2018/texmf-dist/tex/generic/pgf/basiclayer/pgfcoreimage.cod
e.tex
File: pgfcoreimage.code.tex 2013/07/15  (rcs-revision 1.18)

(/usr/local/texlive/2018/texmf-dist/tex/generic/pgf/basiclayer/pgfcoreexternal.
code.tex
File: pgfcoreexternal.code.tex 2014/07/09  (rcs-revision 1.21)
\pgfexternal@startupbox=\box32
))
(/usr/local/texlive/2018/texmf-dist/tex/generic/pgf/basiclayer/pgfcorelayers.co
de.tex
File: pgfcorelayers.code.tex 2013/07/18  (rcs-revision 1.7)
)
(/usr/local/texlive/2018/texmf-dist/tex/generic/pgf/basiclayer/pgfcoretranspare
ncy.code.tex
File: pgfcoretransparency.code.tex 2013/09/30  (rcs-revision 1.5)
)
(/usr/local/texlive/2018/texmf-dist/tex/generic/pgf/basiclayer/pgfcorepatterns.
code.tex
File: pgfcorepatterns.code.tex 2013/11/07  (rcs-revision 1.5)
)))
(/usr/local/texlive/2018/texmf-dist/tex/generic/pgf/modules/pgfmoduleshapes.cod
e.tex
File: pgfmoduleshapes.code.tex 2014/03/21  (rcs-revision 1.35)
\pgfnodeparttextbox=\box33
)
(/usr/local/texlive/2018/texmf-dist/tex/generic/pgf/modules/pgfmoduleplot.code.
tex
File: pgfmoduleplot.code.tex 2015/08/03  (rcs-revision 1.13)
)
(/usr/local/texlive/2018/texmf-dist/tex/latex/pgf/compatibility/pgfcomp-version
-0-65.sty
Package: pgfcomp-version-0-65 2007/07/03 v3.0.1a (rcs-revision 1.7)
\pgf@nodesepstart=\dimen156
\pgf@nodesepend=\dimen157
)
(/usr/local/texlive/2018/texmf-dist/tex/latex/pgf/compatibility/pgfcomp-version
-1-18.sty
Package: pgfcomp-version-1-18 2007/07/23 v3.0.1a (rcs-revision 1.1)
))
(/usr/local/texlive/2018/texmf-dist/tex/latex/pgf/utilities/pgffor.sty
(/usr/local/texlive/2018/texmf-dist/tex/latex/pgf/utilities/pgfkeys.sty
(/usr/local/texlive/2018/texmf-dist/tex/generic/pgf/utilities/pgfkeys.code.tex)
) (/usr/local/texlive/2018/texmf-dist/tex/latex/pgf/math/pgfmath.sty
(/usr/local/texlive/2018/texmf-dist/tex/generic/pgf/math/pgfmath.code.tex))
(/usr/local/texlive/2018/texmf-dist/tex/generic/pgf/utilities/pgffor.code.tex
Package: pgffor 2013/12/13 v3.0.1a (rcs-revision 1.25)

(/usr/local/texlive/2018/texmf-dist/tex/generic/pgf/math/pgfmath.code.tex)
\pgffor@iter=\dimen158
\pgffor@skip=\dimen159
\pgffor@stack=\toks34
\pgffor@toks=\toks35
))
(/usr/local/texlive/2018/texmf-dist/tex/generic/pgf/frontendlayer/tikz/tikz.cod
e.tex
Package: tikz 2015/08/07 v3.0.1a (rcs-revision 1.151)

(/usr/local/texlive/2018/texmf-dist/tex/generic/pgf/libraries/pgflibraryplothan
dlers.code.tex
File: pgflibraryplothandlers.code.tex 2013/08/31 v3.0.1a (rcs-revision 1.20)
\pgf@plot@mark@count=\count113
\pgfplotmarksize=\dimen160
)
\tikz@lastx=\dimen161
\tikz@lasty=\dimen162
\tikz@lastxsaved=\dimen163
\tikz@lastysaved=\dimen164
\tikzleveldistance=\dimen165
\tikzsiblingdistance=\dimen166
\tikz@figbox=\box34
\tikz@figbox@bg=\box35
\tikz@tempbox=\box36
\tikz@tempbox@bg=\box37
\tikztreelevel=\count114
\tikznumberofchildren=\count115
\tikznumberofcurrentchild=\count116
\tikz@fig@count=\count117

(/usr/local/texlive/2018/texmf-dist/tex/generic/pgf/modules/pgfmodulematrix.cod
e.tex
File: pgfmodulematrix.code.tex 2013/09/17  (rcs-revision 1.8)
\pgfmatrixcurrentrow=\count118
\pgfmatrixcurrentcolumn=\count119
\pgf@matrix@numberofcolumns=\count120
)
\tikz@expandcount=\count121

(/usr/local/texlive/2018/texmf-dist/tex/generic/pgf/frontendlayer/tikz/librarie
s/tikzlibrarytopaths.code.tex
File: tikzlibrarytopaths.code.tex 2008/06/17 v3.0.1a (rcs-revision 1.2)
)))
(/usr/local/texlive/2018/texmf-dist/tex/latex/mdframed/mdframed.sty
Package: mdframed 2013/07/01 1.9b: mdframed

(/usr/local/texlive/2018/texmf-dist/tex/latex/l3packages/xparse/xparse.sty
(/usr/local/texlive/2018/texmf-dist/tex/latex/l3kernel/expl3.sty
Package: expl3 2018/03/05 L3 programming layer (loader) 

(/usr/local/texlive/2018/texmf-dist/tex/latex/l3kernel/expl3-code.tex
Package: expl3 2018/03/05 L3 programming layer (code)
\c_max_int=\count122
\l_tmpa_int=\count123
\l_tmpb_int=\count124
\g_tmpa_int=\count125
\g_tmpb_int=\count126
\g__intarray_font_int=\count127
\g__prg_map_int=\count128
\c_log_iow=\count129
\l_iow_line_count_int=\count130
\l__iow_line_target_int=\count131
\l__iow_one_indent_int=\count132
\l__iow_indent_int=\count133
\c_zero_dim=\dimen167
\c_max_dim=\dimen168
\l_tmpa_dim=\dimen169
\l_tmpb_dim=\dimen170
\g_tmpa_dim=\dimen171
\g_tmpb_dim=\dimen172
\c_zero_skip=\skip64
\c_max_skip=\skip65
\l_tmpa_skip=\skip66
\l_tmpb_skip=\skip67
\g_tmpa_skip=\skip68
\g_tmpb_skip=\skip69
\c_zero_muskip=\muskip11
\c_max_muskip=\muskip12
\l_tmpa_muskip=\muskip13
\l_tmpb_muskip=\muskip14
\g_tmpa_muskip=\muskip15
\g_tmpb_muskip=\muskip16
\l_keys_choice_int=\count134
\c__fp_leading_shift_int=\count135
\c__fp_middle_shift_int=\count136
\c__fp_trailing_shift_int=\count137
\c__fp_big_leading_shift_int=\count138
\c__fp_big_middle_shift_int=\count139
\c__fp_big_trailing_shift_int=\count140
\c__fp_Bigg_leading_shift_int=\count141
\c__fp_Bigg_middle_shift_int=\count142
\c__fp_Bigg_trailing_shift_int=\count143
\c__fp_rand_size_int=\count144
\c__fp_rand_four_int=\count145
\c__fp_rand_eight_int=\count146
\l__sort_length_int=\count147
\l__sort_min_int=\count148
\l__sort_top_int=\count149
\l__sort_max_int=\count150
\l__sort_true_max_int=\count151
\l__sort_block_int=\count152
\l__sort_begin_int=\count153
\l__sort_end_int=\count154
\l__sort_A_int=\count155
\l__sort_B_int=\count156
\l__sort_C_int=\count157
\l__tl_build_start_index_int=\count158
\l__tl_build_index_int=\count159
\l__tl_analysis_normal_int=\count160
\l__tl_analysis_index_int=\count161
\l__tl_analysis_nesting_int=\count162
\l__tl_analysis_type_int=\count163
\l__regex_internal_a_int=\count164
\l__regex_internal_b_int=\count165
\l__regex_internal_c_int=\count166
\l__regex_balance_int=\count167
\l__regex_group_level_int=\count168
\l__regex_mode_int=\count169
\c__regex_cs_in_class_mode_int=\count170
\c__regex_cs_mode_int=\count171
\l__regex_catcodes_int=\count172
\l__regex_default_catcodes_int=\count173
\c__regex_catcode_D_int=\count174
\c__regex_catcode_S_int=\count175
\c__regex_catcode_L_int=\count176
\c__regex_catcode_O_int=\count177
\c__regex_catcode_A_int=\count178
\c__regex_all_catcodes_int=\count179
\l__regex_show_lines_int=\count180
\l__regex_min_state_int=\count181
\l__regex_max_state_int=\count182
\l__regex_left_state_int=\count183
\l__regex_right_state_int=\count184
\l__regex_capturing_group_int=\count185
\l__regex_min_pos_int=\count186
\l__regex_max_pos_int=\count187
\l__regex_curr_pos_int=\count188
\l__regex_start_pos_int=\count189
\l__regex_success_pos_int=\count190
\l__regex_curr_char_int=\count191
\l__regex_curr_catcode_int=\count192
\l__regex_last_char_int=\count193
\l__regex_case_changed_char_int=\count194
\l__regex_curr_state_int=\count195
\l__regex_step_int=\count196
\l__regex_min_active_int=\count197
\l__regex_max_active_int=\count198
\l__regex_replacement_csnames_int=\count199
\l__regex_match_count_int=\count266
\l__regex_min_submatch_int=\count267
\l__regex_submatch_int=\count268
\l__regex_zeroth_submatch_int=\count269
\g__regex_trace_regex_int=\count270
\c_empty_box=\box38
\l_tmpa_box=\box39
\l_tmpb_box=\box40
\g_tmpa_box=\box41
\g_tmpb_box=\box42
\l__box_top_dim=\dimen173
\l__box_bottom_dim=\dimen174
\l__box_left_dim=\dimen175
\l__box_right_dim=\dimen176
\l__box_top_new_dim=\dimen177
\l__box_bottom_new_dim=\dimen178
\l__box_left_new_dim=\dimen179
\l__box_right_new_dim=\dimen180
\l__box_internal_box=\box43
\l__coffin_internal_box=\box44
\l__coffin_internal_dim=\dimen181
\l__coffin_offset_x_dim=\dimen182
\l__coffin_offset_y_dim=\dimen183
\l__coffin_x_dim=\dimen184
\l__coffin_y_dim=\dimen185
\l__coffin_x_prime_dim=\dimen186
\l__coffin_y_prime_dim=\dimen187
\c_empty_coffin=\box45
\l__coffin_aligned_coffin=\box46
\l__coffin_aligned_internal_coffin=\box47
\l_tmpa_coffin=\box48
\l_tmpb_coffin=\box49
\l__coffin_display_coffin=\box50
\l__coffin_display_coord_coffin=\box51
\l__coffin_display_pole_coffin=\box52
\l__coffin_display_offset_dim=\dimen188
\l__coffin_display_x_dim=\dimen189
\l__coffin_display_y_dim=\dimen190
\l__coffin_bounding_shift_dim=\dimen191
\l__coffin_left_corner_dim=\dimen192
\l__coffin_right_corner_dim=\dimen193
\l__coffin_bottom_corner_dim=\dimen194
\l__coffin_top_corner_dim=\dimen195
\l__coffin_scaled_total_height_dim=\dimen196
\l__coffin_scaled_width_dim=\dimen197
)
(/usr/local/texlive/2018/texmf-dist/tex/latex/l3kernel/l3pdfmode.def
File: l3pdfmode.def 2017/03/18 v L3 Experimental driver: PDF mode
\l__driver_color_stack_int=\count271
))
Package: xparse 2018/02/21 L3 Experimental document command parser
\l__xparse_current_arg_int=\count272
\g__xparse_grabber_int=\count273
\l__xparse_m_args_int=\count274
\l__xparse_mandatory_args_int=\count275
\l__xparse_v_nesting_int=\count276
)
(/usr/local/texlive/2018/texmf-dist/tex/latex/etoolbox/etoolbox.sty
Package: etoolbox 2018/02/11 v2.5e e-TeX tools for LaTeX (JAW)
\etb@tempcnta=\count277
)
(/usr/local/texlive/2018/texmf-dist/tex/latex/oberdiek/zref-abspage.sty
Package: zref-abspage 2016/05/21 v2.26 Module abspage for zref (HO)

(/usr/local/texlive/2018/texmf-dist/tex/latex/oberdiek/zref-base.sty
Package: zref-base 2016/05/21 v2.26 Module base for zref (HO)
Package zref Info: New property list: main on input line 759.
Package zref Info: New property: default on input line 760.
Package zref Info: New property: page on input line 761.
)
\c@abspage=\count278
Package zref Info: New property: abspage on input line 62.
)
(/usr/local/texlive/2018/texmf-dist/tex/latex/needspace/needspace.sty
Package: needspace 2010/09/12 v1.3d reserve vertical space
)
\mdf@templength=\skip70
\c@mdf@globalstyle@cnt=\count279
\mdf@skipabove@length=\skip71
\mdf@skipbelow@length=\skip72
\mdf@leftmargin@length=\skip73
\mdf@rightmargin@length=\skip74
\mdf@innerleftmargin@length=\skip75
\mdf@innerrightmargin@length=\skip76
\mdf@innertopmargin@length=\skip77
\mdf@innerbottommargin@length=\skip78
\mdf@splittopskip@length=\skip79
\mdf@splitbottomskip@length=\skip80
\mdf@outermargin@length=\skip81
\mdf@innermargin@length=\skip82
\mdf@linewidth@length=\skip83
\mdf@innerlinewidth@length=\skip84
\mdf@middlelinewidth@length=\skip85
\mdf@outerlinewidth@length=\skip86
\mdf@roundcorner@length=\skip87
\mdf@footenotedistance@length=\skip88
\mdf@userdefinedwidth@length=\skip89
\mdf@needspace@length=\skip90
\mdf@frametitleaboveskip@length=\skip91
\mdf@frametitlebelowskip@length=\skip92
\mdf@frametitlerulewidth@length=\skip93
\mdf@frametitleleftmargin@length=\skip94
\mdf@frametitlerightmargin@length=\skip95
\mdf@shadowsize@length=\skip96
\mdf@extratopheight@length=\skip97
\mdf@subtitleabovelinewidth@length=\skip98
\mdf@subtitlebelowlinewidth@length=\skip99
\mdf@subtitleaboveskip@length=\skip100
\mdf@subtitlebelowskip@length=\skip101
\mdf@subtitleinneraboveskip@length=\skip102
\mdf@subtitleinnerbelowskip@length=\skip103
\mdf@subsubtitleabovelinewidth@length=\skip104
\mdf@subsubtitlebelowlinewidth@length=\skip105
\mdf@subsubtitleaboveskip@length=\skip106
\mdf@subsubtitlebelowskip@length=\skip107
\mdf@subsubtitleinneraboveskip@length=\skip108
\mdf@subsubtitleinnerbelowskip@length=\skip109

(/usr/local/texlive/2018/texmf-dist/tex/latex/mdframed/md-frame-1.mdf
File: md-frame-1.mdf 2013/07/01\ 1.9b: md-frame-1
)
\mdf@frametitlebox=\box53
\mdf@footnotebox=\box54
\mdf@splitbox@one=\box55
\mdf@splitbox@two=\box56
\mdf@splitbox@save=\box57
\mdfsplitboxwidth=\skip110
\mdfsplitboxtotalwidth=\skip111
\mdfsplitboxheight=\skip112
\mdfsplitboxdepth=\skip113
\mdfsplitboxtotalheight=\skip114
\mdfframetitleboxwidth=\skip115
\mdfframetitleboxtotalwidth=\skip116
\mdfframetitleboxheight=\skip117
\mdfframetitleboxdepth=\skip118
\mdfframetitleboxtotalheight=\skip119
\mdffootnoteboxwidth=\skip120
\mdffootnoteboxtotalwidth=\skip121
\mdffootnoteboxheight=\skip122
\mdffootnoteboxdepth=\skip123
\mdffootnoteboxtotalheight=\skip124
\mdftotallinewidth=\skip125
\mdfboundingboxwidth=\skip126
\mdfboundingboxtotalwidth=\skip127
\mdfboundingboxheight=\skip128
\mdfboundingboxdepth=\skip129
\mdfboundingboxtotalheight=\skip130
\mdf@freevspace@length=\skip131
\mdf@horizontalwidthofbox@length=\skip132
\mdf@verticalmarginwhole@length=\skip133
\mdf@horizontalspaceofbox=\skip134
\mdfsubtitleheight=\skip135
\mdfsubsubtitleheight=\skip136
\c@mdfcountframes=\count280

****** mdframed patching \endmdf@trivlist

****** -- success******

.................................................
. LaTeX info: "xparse/define-command"
. 
. Defining command \newmdtheoremenv with sig. 'O{} m o m o ' on line 601.
.................................................
.................................................
. LaTeX info: "xparse/define-command"
. 
. Defining command \mdtheorem with sig. ' O{} m o m o ' on line 701.
.................................................
\mdf@envdepth=\count281
\c@mdf@env@i=\count282
\c@mdf@env@ii=\count283
\c@mdf@zref@counter=\count284
Package zref Info: New property: mdf@pagevalue on input line 895.
)
(/usr/local/texlive/2018/texmf-dist/tex/generic/pgf/frontendlayer/tikz/librarie
s/tikzlibraryshadows.code.tex
File: tikzlibraryshadows.code.tex 2008/01/13 v3.0.1a (rcs-revision 1.3)

(/usr/local/texlive/2018/texmf-dist/tex/generic/pgf/frontendlayer/tikz/librarie
s/tikzlibraryfadings.code.tex
File: tikzlibraryfadings.code.tex 2009/11/15 v3.0.1a (rcs-revision 1.2)

(/usr/local/texlive/2018/texmf-dist/tex/generic/pgf/libraries/pgflibraryfadings
.code.tex
File: pgflibraryfadings.code.tex 2008/02/07 v3.0.1a (rcs-revision 1.3)
)))
(/usr/local/texlive/2018/texmf-dist/tex/generic/pgf/frontendlayer/tikz/librarie
s/tikzlibrarydecorations.pathmorphing.code.tex
(/usr/local/texlive/2018/texmf-dist/tex/generic/pgf/frontendlayer/tikz/librarie
s/tikzlibrarydecorations.code.tex
(/usr/local/texlive/2018/texmf-dist/tex/generic/pgf/modules/pgfmoduledecoration
s.code.tex
\pgfdecoratedcompleteddistance=\dimen198
\pgfdecoratedremainingdistance=\dimen199
\pgfdecoratedinputsegmentcompleteddistance=\dimen256
\pgfdecoratedinputsegmentremainingdistance=\dimen257
\pgf@decorate@distancetomove=\dimen258
\pgf@decorate@repeatstate=\count285
\pgfdecorationsegmentamplitude=\dimen259
\pgfdecorationsegmentlength=\dimen260
)
\tikz@lib@dec@box=\box58
)
(/usr/local/texlive/2018/texmf-dist/tex/generic/pgf/libraries/decorations/pgfli
brarydecorations.pathmorphing.code.tex))
\c@bclogocompteur=\count286
\bcval@epBarre=\skip137
\bcval@framesep=\skip138
\bcval@tailleOndu=\skip139
\bcval@borderWidth=\skip140
\bcval@margeG=\skip141
\bcval@margeD=\skip142
\bc@envbox=\box59
)
(/usr/local/texlive/2018/texmf-dist/tex/latex/cite/cite.sty
LaTeX Info: Redefining \cite on input line 302.
LaTeX Info: Redefining \nocite on input line 332.
Package: cite 2015/02/27  v 5.5
)
(/usr/local/texlive/2018/texmf-dist/tex/latex/multirow/multirow.sty
Package: multirow 2016/11/25 v2.2 Span multiple rows of a table
\multirow@colwidth=\skip143
\multirow@cntb=\count287
\multirow@dima=\skip144
\bigstrutjot=\dimen261
)
(/usr/local/texlive/2018/texmf-dist/tex/latex/float/float.sty
Package: float 2001/11/08 v1.3d Float enhancements (AL)
\c@float@type=\count288
\float@exts=\toks36
\float@box=\box60
\@float@everytoks=\toks37
\@floatcapt=\box61
)
(/usr/local/texlive/2018/texmf-dist/tex/latex/arydshln/arydshln.sty
Package: arydshln 2016/04/28 v1.73 
\dashlinedash=\dimen262
\dashlinegap=\dimen263
\adl@box=\box62
\adl@height=\dimen264
\adl@heightsave=\dimen265
\adl@depth=\dimen266
\adl@depthsave=\dimen267
\adl@finaldepth=\dimen268
\adl@columns=\count289
\adl@ncol=\count290
\adl@currentcolumn=\count291
\adl@currentcolumnsave=\count292
\adl@totalheight=\count293
\adl@totalheightsave=\count294
\adl@dash=\count295
\adl@gap=\count296
\adl@cla=\count297
\adl@clb=\count298
\adl@everyvbox=\toks38
\adl@LTpagetotal=\dimen269
)
(/usr/local/texlive/2018/texmf-dist/tex/latex/doublestroke/dsfont.sty
Package: dsfont 1995/08/01 v0.1 Double stroke roman fonts
)
(/usr/local/texlive/2018/texmf-dist/tex/latex/scalerel/scalerel.sty
Package: scalerel 2016/12/29 v1.8 Routines for constrained scaling and stretchi
ng of objects, relative to a reference object or in absolute terms

(/usr/local/texlive/2018/texmf-dist/tex/latex/tools/calc.sty
Package: calc 2017/05/25 v4.3 Infix arithmetic (KKT,FJ)
\calc@Acount=\count299
\calc@Bcount=\count300
\calc@Adimen=\dimen270
\calc@Bdimen=\dimen271
\calc@Askip=\skip145
\calc@Bskip=\skip146
LaTeX Info: Redefining \setlength on input line 80.
LaTeX Info: Redefining \addtolength on input line 81.
\calc@Ccount=\count301
\calc@Cskip=\skip147
)
\thesrwidth=\skip148
\thesrheight=\skip149
\srblobheight=\skip150
\srblobdepth=\skip151
\mnxsrwidth=\skip152
\LMex=\skip153
\LMpt=\skip154
)
(/usr/local/texlive/2018/texmf-dist/tex/latex/stackengine/stackengine.sty
Package: stackengine 2017/02/13 v4.01\ Stacking text and objects in convenient 
ways

(/usr/local/texlive/2018/texmf-dist/tex/generic/listofitems/listofitems.sty
(/usr/local/texlive/2018/texmf-dist/tex/generic/listofitems/listofitems.tex
\loi_nestcnt=\count302
)
Package: listofitems 2018/03/13 v1.53 Grab items in lists using user-specified 
sep char (CT)
)
\c@@stackindex=\count303
\@boxshift=\skip155
\stack@tmplength=\skip156
\temp@stkl=\skip157
\@stackedboxwidth=\skip158
\@addedbox=\box63
\@anchorbox=\box64
\stackedbox=\box65
\@centerbox=\box66
\c@ROWcellindex@=\count304
)
(/usr/local/texlive/2018/texmf-dist/tex/latex/footmisc/footmisc.sty
Package: footmisc 2011/06/06 v5.5b a miscellany of footnote facilities
\FN@temptoken=\toks39
\footnotemargin=\dimen272
\c@pp@next@reset=\count305
Package footmisc Info: Declaring symbol style bringhurst on input line 855.
Package footmisc Info: Declaring symbol style chicago on input line 863.
Package footmisc Info: Declaring symbol style wiley on input line 872.
Package footmisc Info: Declaring symbol style lamport-robust on input line 883.

Package footmisc Info: Declaring symbol style lamport* on input line 903.
Package footmisc Info: Declaring symbol style lamport*-robust on input line 924
.
)
(/usr/local/texlive/2018/texmf-dist/tex/latex/oberdiek/picture.sty
Package: picture 2016/05/16 v1.4 Dimens for picture macros (HO)
Package picture Info: Calculation method: calc.
)
(/usr/local/texlive/2018/texmf-dist/tex/latex/booktabs/booktabs.sty
Package: booktabs 2016/04/27 v1.618033 publication quality tables
\heavyrulewidth=\dimen273
\lightrulewidth=\dimen274
\cmidrulewidth=\dimen275
\belowrulesep=\dimen276
\belowbottomsep=\dimen277
\aboverulesep=\dimen278
\abovetopsep=\dimen279
\cmidrulesep=\dimen280
\cmidrulekern=\dimen281
\defaultaddspace=\dimen282
\@cmidla=\count306
\@cmidlb=\count307
\@aboverulesep=\dimen283
\@belowrulesep=\dimen284
\@thisruleclass=\count308
\@lastruleclass=\count309
\@thisrulewidth=\dimen285
)
(/usr/local/texlive/2018/texmf-dist/tex/latex/caption/caption.sty
Package: caption 2016/02/21 v3.3-144 Customizing captions (AR)

(/usr/local/texlive/2018/texmf-dist/tex/latex/caption/caption3.sty
Package: caption3 2016/05/22 v1.7-166 caption3 kernel (AR)
Package caption3 Info: TeX engine: e-TeX on input line 67.
\captionmargin=\dimen286
\captionmargin@=\dimen287
\captionwidth=\dimen288
\caption@tempdima=\dimen289
\caption@indent=\dimen290
\caption@parindent=\dimen291
\caption@hangindent=\dimen292
)
\c@ContinuedFloat=\count310
Package caption Info: float package is loaded.
Package caption Info: hyperref package is loaded.
)
(/usr/local/texlive/2018/texmf-dist/tex/latex/dblfloatfix/dblfloatfix.sty
Package: dblfloatfix 2012/12/31 v1.0a (JAW)

(/usr/local/texlive/2018/texmf-dist/tex/latex/base/fixltx2e.sty
Package: fixltx2e 2016/12/29 v2.1a fixes to LaTeX (obsolete)
Applying: [2015/01/01] Old fixltx2e package on input line 46.


Package fixltx2e Warning: fixltx2e is not required with releases after 2015
(fixltx2e)                All fixes are now in the LaTeX kernel.
(fixltx2e)                See the latexrelease package for details.

Already applied: [0000/00/00] Old fixltx2e package on input line 53.
)
\@dblbotnum=\count311
\c@dblbotnumber=\count312
) (/usr/local/texlive/2018/texmf-dist/tex/generic/ulem/ulem.sty
\UL@box=\box67
\UL@hyphenbox=\box68
\UL@skip=\skip159
\UL@hook=\toks40
\UL@height=\dimen293
\UL@pe=\count313
\UL@pixel=\dimen294
\ULC@box=\box69
Package: ulem 2012/05/18
\ULdepth=\dimen295
)
(/usr/local/texlive/2018/texmf-dist/tex/latex/appendix/appendix.sty
Package: appendix 2009/09/02 v1.2b extra appendix facilities
\c@@pps=\count314
\c@@ppsavesec=\count315
\c@@ppsaveapp=\count316
)
(/usr/local/texlive/2018/texmf-dist/tex/latex/mdwtools/footnote.sty
Package: footnote 1997/01/28 1.13 Save footnotes around boxes
\fn@notes=\box70
\fn@width=\dimen296
)
(/usr/local/texlive/2018/texmf-dist/tex/latex/framed/framed.sty
Package: framed 2011/10/22 v 0.96: framed or shaded text with page breaks
\OuterFrameSep=\skip160
\fb@frw=\dimen297
\fb@frh=\dimen298
\FrameRule=\dimen299
\FrameSep=\dimen300
)
(/usr/local/texlive/2018/texmf-dist/tex/latex/lipsum/lipsum.sty
Package: lipsum 2014/07/27 v1.3 150 paragraphs of Lorem Ipsum dummy text
\c@lips@count=\count317
)
(/usr/local/texlive/2018/texmf-dist/tex/latex/amsmath/amsmath.sty
Package: amsmath 2017/09/02 v2.17a AMS math features
\@mathmargin=\skip161

For additional information on amsmath, use the `?' option.
(/usr/local/texlive/2018/texmf-dist/tex/latex/amsmath/amstext.sty
Package: amstext 2000/06/29 v2.01 AMS text

(/usr/local/texlive/2018/texmf-dist/tex/latex/amsmath/amsgen.sty
File: amsgen.sty 1999/11/30 v2.0 generic functions
\@emptytoks=\toks41
\ex@=\dimen301
))
(/usr/local/texlive/2018/texmf-dist/tex/latex/amsmath/amsbsy.sty
Package: amsbsy 1999/11/29 v1.2d Bold Symbols
\pmbraise@=\dimen302
)
(/usr/local/texlive/2018/texmf-dist/tex/latex/amsmath/amsopn.sty
Package: amsopn 2016/03/08 v2.02 operator names
)
\inf@bad=\count318
LaTeX Info: Redefining \frac on input line 213.
\uproot@=\count319
\leftroot@=\count320
LaTeX Info: Redefining \overline on input line 375.
\classnum@=\count321
\DOTSCASE@=\count322
LaTeX Info: Redefining \ldots on input line 472.
LaTeX Info: Redefining \dots on input line 475.
LaTeX Info: Redefining \cdots on input line 596.
\Mathstrutbox@=\box71
\strutbox@=\box72
\big@size=\dimen303
LaTeX Font Info:    Redeclaring font encoding OML on input line 712.
LaTeX Font Info:    Redeclaring font encoding OMS on input line 713.
\macc@depth=\count323
\c@MaxMatrixCols=\count324
\dotsspace@=\muskip17
\c@parentequation=\count325
\dspbrk@lvl=\count326
\tag@help=\toks42
\row@=\count327
\column@=\count328
\maxfields@=\count329
\andhelp@=\toks43
\eqnshift@=\dimen304
\alignsep@=\dimen305
\tagshift@=\dimen306
\tagwidth@=\dimen307
\totwidth@=\dimen308
\lineht@=\dimen309
\@envbody=\toks44
\multlinegap=\skip162
\multlinetaggap=\skip163
\mathdisplay@stack=\toks45
LaTeX Info: Redefining \[ on input line 2817.
LaTeX Info: Redefining \] on input line 2818.
)
(/usr/local/texlive/2018/texmf-dist/tex/latex/amsfonts/amssymb.sty
Package: amssymb 2013/01/14 v3.01 AMS font symbols

(/usr/local/texlive/2018/texmf-dist/tex/latex/amsfonts/amsfonts.sty
Package: amsfonts 2013/01/14 v3.01 Basic AMSFonts support
\symAMSa=\mathgroup4
\symAMSb=\mathgroup5
LaTeX Font Info:    Overwriting math alphabet `\mathfrak' in version `bold'
(Font)                  U/euf/m/n --> U/euf/b/n on input line 106.
))
(/usr/local/texlive/2018/texmf-dist/tex/latex/tools/afterpage.sty
Package: afterpage 2014/10/28 v1.08 After-Page Package (DPC)
\AP@output=\toks46
\AP@partial=\box73
\AP@footins=\box74
)
(/usr/local/texlive/2018/texmf-dist/tex/latex/natbib/natbib.sty
Package: natbib 2010/09/13 8.31b (PWD, AO)


Package natbib Warning: The `cite' package should not be used
(natbib)                with natbib. Use option `sort' instead.

\bibhang=\skip164
\bibsep=\skip165
LaTeX Info: Redefining \cite on input line 694.
LaTeX Info: Redefining \citenum on input line 708.
\c@NAT@ctr=\count330
) (/usr/local/texlive/2018/texmf-dist/tex/latex/fancyhdr/fancyhdr.sty
Package: fancyhdr 2017/06/30 v3.9a Extensive control of page headers and footer
s
\f@nch@headwidth=\skip166
\f@nch@O@elh=\skip167
\f@nch@O@erh=\skip168
\f@nch@O@olh=\skip169
\f@nch@O@orh=\skip170
\f@nch@O@elf=\skip171
\f@nch@O@erf=\skip172
\f@nch@O@olf=\skip173
\f@nch@O@orf=\skip174
)
(/usr/local/texlive/2018/texmf-dist/tex/latex/manfnt/manfnt.sty
Package: manfnt 1999/07/010.2LaTeX2e manfnt package
\dbend@height=\skip175
)
(/usr/local/texlive/2018/texmf-dist/tex/latex/marginnote/marginnote.sty
Package: marginnote 2017/04/22 v1.2b non floating margin notes for LaTeX
\c@mn@abspage=\count331
)
(/usr/local/texlive/2018/texmf-dist/tex/latex/movie15/movie15.sty
Package: movie15 2012/05/16

(/usr/local/texlive/2018/texmf-dist/tex/latex/oberdiek/ifdraft.sty
Package: ifdraft 2016/05/16 v1.4 Detect class options draft and final (HO)
)
\@MXV@page=\count332
\@MXV@adict=\count333
\@MXV@aadict=\count334
\@MXV@includes=\count335
\@MXV@players=\count336
\@MXV@links=\count337
\@MXV@width=\dimen310
\@MXV@height=\dimen311
\@MXV@depth=\dimen312
\@MXV@totalheight=\dimen313
\@MXV@@boxdepth=\dimen314
\@MXV@traiselen=\dimen315
\@MXV@braiselen=\dimen316
\@MXV@start=\dimen317
\@MXV@end=\dimen318
\@MXV@textbox=\box75
)
(/usr/local/texlive/2018/texmf-dist/tex/latex/animate/animate.sty
Package: animate 2018/02/28 PDF animations from files and inline graphics

(/usr/local/texlive/2018/texmf-dist/tex/latex/media9/pdfbase.sty
(/usr/local/texlive/2018/texmf-dist/tex/latex/l3packages/l3keys2e/l3keys2e.sty
Package: l3keys2e 2018/02/21 LaTeX2e option processing using LaTeX3 keys
)
Package: pdfbase 2018/04/06 v0.23 driver independent access to low-level PDF fe
atures
\g_pbs_page_int=\count338
\g_pbs_oc_int=\count339
) (/usr/local/texlive/2018/texmf-dist/tex/latex/ocgx2/ocgbase.sty
Package: ocgbase 2018/04/06 v0.13 support package for ocgx2.sty
\g_ocgbase_nd_int=\count340
)
\@anim@box=\box76
\@anim@measbox=\box77
\@anim@tmpdima=\dimen319
\@anim@tmpdimb=\dimen320
\@anim@num=\count341
\@anim@curframe=\count342
\@anim@curframe@zb=\count343
\@anim@resizeflags=\count344
\@anim@skipfram=\count345
\@anim@mulframecnt=\count346
\@anim@@tmlnfile=\read2
\@anim@tmpcnt=\count347
\c@@anim@ltxcnt=\count348
\@anim@curlayer=\count349
\@anim@lineno=\count350
\@anim@curfield=\count351
\@anim@@resizeflags=\count352
)
(/usr/local/texlive/2018/texmf-dist/tex/latex/caption/subcaption.sty
Package: subcaption 2016/05/22 v1.1-161 Sub-captions (AR)
\c@subfigure=\count353
\c@subtable=\count354
)
(./ReboundNet.aux)
\openout1 = `ReboundNet.aux'.

LaTeX Font Info:    Checking defaults for OML/cmm/m/it on input line 96.
LaTeX Font Info:    ... okay on input line 96.
LaTeX Font Info:    Checking defaults for T1/cmr/m/n on input line 96.
LaTeX Font Info:    ... okay on input line 96.
LaTeX Font Info:    Checking defaults for OT1/cmr/m/n on input line 96.
LaTeX Font Info:    ... okay on input line 96.
LaTeX Font Info:    Checking defaults for OMS/cmsy/m/n on input line 96.
LaTeX Font Info:    ... okay on input line 96.
LaTeX Font Info:    Checking defaults for OMX/cmex/m/n on input line 96.
LaTeX Font Info:    ... okay on input line 96.
LaTeX Font Info:    Checking defaults for U/cmr/m/n on input line 96.
LaTeX Font Info:    ... okay on input line 96.
LaTeX Font Info:    Checking defaults for PD1/pdf/m/n on input line 96.
LaTeX Font Info:    ... okay on input line 96.

*geometry* driver: auto-detecting
*geometry* detected driver: pdftex
*geometry* verbose mode - [ preamble ] result:
* driver: pdftex
* paper: <default>
* layout: <same size as paper>
* layoutoffset:(h,v)=(0.0pt,0.0pt)
* modes: 
* h-part:(L,W,R)=(90.3375pt, 433.62001pt, 90.3375pt)
* v-part:(T,H,B)=(72.26999pt, 650.43001pt, 72.26999pt)
* \paperwidth=614.295pt
* \paperheight=794.96999pt
* \textwidth=433.62001pt
* \textheight=650.43001pt
* \oddsidemargin=18.0675pt
* \evensidemargin=18.0675pt
* \topmargin=-37.0pt
* \headheight=12.0pt
* \headsep=25.0pt
* \topskip=10.0pt
* \footskip=30.0pt
* \marginparwidth=65.0pt
* \marginparsep=11.0pt
* \columnsep=10.0pt
* \skip\footins=9.0pt plus 4.0pt minus 2.0pt
* \hoffset=0.0pt
* \voffset=0.0pt
* \mag=1000
* \@twocolumnfalse
* \@twosidefalse
* \@mparswitchfalse
* \@reversemargintrue
* (1in=72.27pt=25.4mm, 1cm=28.453pt)

(/usr/local/texlive/2018/texmf-dist/tex/context/base/mkii/supp-pdf.mkii
[Loading MPS to PDF converter (version 2006.09.02).]
\scratchcounter=\count355
\scratchdimen=\dimen321
\scratchbox=\box78
\nofMPsegments=\count356
\nofMParguments=\count357
\everyMPshowfont=\toks47
\MPscratchCnt=\count358
\MPscratchDim=\dimen322
\MPnumerator=\count359
\makeMPintoPDFobject=\count360
\everyMPtoPDFconversion=\toks48
) (/usr/local/texlive/2018/texmf-dist/tex/latex/oberdiek/epstopdf-base.sty
Package: epstopdf-base 2016/05/15 v2.6 Base part for package epstopdf

(/usr/local/texlive/2018/texmf-dist/tex/latex/oberdiek/grfext.sty
Package: grfext 2016/05/16 v1.2 Manage graphics extensions (HO)
)
Package epstopdf-base Info: Redefining graphics rule for `.eps' on input line 4
38.
Package grfext Info: Graphics extension search list:
(grfext)             [.mps,.pdf,.png,.jpg,.mps,.jpeg,.jbig2,.jb2,.PDF,.PNG,.JPG
,.JPEG,.JBIG2,.JB2,.eps]
(grfext)             \AppendGraphicsExtensions on input line 456.

(/usr/local/texlive/2018/texmf-dist/tex/latex/latexconfig/epstopdf-sys.cfg
File: epstopdf-sys.cfg 2010/07/13 v1.3 Configuration of (r)epstopdf for TeX Liv
e
))
\AtBeginShipoutBox=\box79
Package hyperref Info: Link coloring ON on input line 96.

(/usr/local/texlive/2018/texmf-dist/tex/latex/hyperref/nameref.sty
Package: nameref 2016/05/21 v2.44 Cross-referencing by name of section

(/usr/local/texlive/2018/texmf-dist/tex/generic/oberdiek/gettitlestring.sty
Package: gettitlestring 2016/05/16 v1.5 Cleanup title references (HO)
)
\c@section@level=\count361
)
LaTeX Info: Redefining \ref on input line 96.
LaTeX Info: Redefining \pageref on input line 96.
LaTeX Info: Redefining \nameref on input line 96.

(./ReboundNet.out) (./ReboundNet.out)
\@outlinefile=\write4
\openout4 = `ReboundNet.out'.

 ABD: EverySelectfont initializing macros
LaTeX Info: Redefining \selectfont on input line 96.

ABD: EveryShipout initializing macros
Package caption Info: Begin \AtBeginDocument code.
Package caption Info: End \AtBeginDocument code.
Package marginnote Info: \pdfoutput not 0 or unimportant and
(marginnote)             \pdflastxpos or \lastxpos available.
(marginnote)             Extended position detection mode activated.
LaTeX Font Info:    Try loading font information for U+msa on input line 102.

(/usr/local/texlive/2018/texmf-dist/tex/latex/amsfonts/umsa.fd
File: umsa.fd 2013/01/14 v3.01 AMS symbols A
)
LaTeX Font Info:    Try loading font information for U+msb on input line 102.

(/usr/local/texlive/2018/texmf-dist/tex/latex/amsfonts/umsb.fd
File: umsb.fd 2013/01/14 v3.01 AMS symbols B
) [1

{/usr/local/texlive/2018/texmf-var/fonts/map/pdftex/updmap/pdftex.map}]
<ReboundExGif2/gganim_plot0005.png, id=80, 1003.75pt x 702.625pt>
File: ReboundExGif2/gganim_plot0005.png Graphic file (type png)
<use ReboundExGif2/gganim_plot0005.png>
Package pdftex.def Info: ReboundExGif2/gganim_plot0005.png  used on input line 
136.
(pdftex.def)             Requested size: 1003.74756pt x 702.62328pt.
 <./ReboundExGif2/gganim_plot0005.png> <a0,fr0>
<ReboundExGif2/gganim_plot0006.png, id=90, 1003.75pt x 702.625pt>
File: ReboundExGif2/gganim_plot0006.png Graphic file (type png)
<use ReboundExGif2/gganim_plot0006.png>
Package pdftex.def Info: ReboundExGif2/gganim_plot0006.png  used on input line 
136.
(pdftex.def)             Requested size: 1003.74756pt x 702.62328pt.
 <./ReboundExGif2/gganim_plot0006.png> <a0,fr1>
<ReboundExGif2/gganim_plot0007.png, id=99, 1003.75pt x 702.625pt>
File: ReboundExGif2/gganim_plot0007.png Graphic file (type png)
<use ReboundExGif2/gganim_plot0007.png>
Package pdftex.def Info: ReboundExGif2/gganim_plot0007.png  used on input line 
136.
(pdftex.def)             Requested size: 1003.74756pt x 702.62328pt.
 <./ReboundExGif2/gganim_plot0007.png> <a0,fr2>
<ReboundExGif2/gganim_plot0008.png, id=108, 1003.75pt x 702.625pt>
File: ReboundExGif2/gganim_plot0008.png Graphic file (type png)
<use ReboundExGif2/gganim_plot0008.png>
Package pdftex.def Info: ReboundExGif2/gganim_plot0008.png  used on input line 
136.
(pdftex.def)             Requested size: 1003.74756pt x 702.62328pt.
 <./ReboundExGif2/gganim_plot0008.png> <a0,fr3>
<ReboundExGif2/gganim_plot0009.png, id=117, 1003.75pt x 702.625pt>
File: ReboundExGif2/gganim_plot0009.png Graphic file (type png)
<use ReboundExGif2/gganim_plot0009.png>
Package pdftex.def Info: ReboundExGif2/gganim_plot0009.png  used on input line 
136.
(pdftex.def)             Requested size: 1003.74756pt x 702.62328pt.
 <./ReboundExGif2/gganim_plot0009.png> <a0,fr4>
<ReboundExGif2/gganim_plot0010.png, id=126, 1003.75pt x 702.625pt>
File: ReboundExGif2/gganim_plot0010.png Graphic file (type png)
<use ReboundExGif2/gganim_plot0010.png>
Package pdftex.def Info: ReboundExGif2/gganim_plot0010.png  used on input line 
136.
(pdftex.def)             Requested size: 1003.74756pt x 702.62328pt.
 <./ReboundExGif2/gganim_plot0010.png> <a0,fr5>
<ReboundExGif2/gganim_plot0011.png, id=135, 1003.75pt x 702.625pt>
File: ReboundExGif2/gganim_plot0011.png Graphic file (type png)
<use ReboundExGif2/gganim_plot0011.png>
Package pdftex.def Info: ReboundExGif2/gganim_plot0011.png  used on input line 
136.
(pdftex.def)             Requested size: 1003.74756pt x 702.62328pt.
 <./ReboundExGif2/gganim_plot0011.png> <a0,fr6>
<ReboundExGif2/gganim_plot0012.png, id=144, 1003.75pt x 702.625pt>
File: ReboundExGif2/gganim_plot0012.png Graphic file (type png)
<use ReboundExGif2/gganim_plot0012.png>
Package pdftex.def Info: ReboundExGif2/gganim_plot0012.png  used on input line 
136.
(pdftex.def)             Requested size: 1003.74756pt x 702.62328pt.
 <./ReboundExGif2/gganim_plot0012.png> <a0,fr7>
<ReboundExGif2/gganim_plot0013.png, id=153, 1003.75pt x 702.625pt>
File: ReboundExGif2/gganim_plot0013.png Graphic file (type png)
<use ReboundExGif2/gganim_plot0013.png>
Package pdftex.def Info: ReboundExGif2/gganim_plot0013.png  used on input line 
136.
(pdftex.def)             Requested size: 1003.74756pt x 702.62328pt.
 <./ReboundExGif2/gganim_plot0013.png>
<a0,fr8>
<ReboundExGif2/gganim_plot0014.png, id=162, 1003.75pt x 702.625pt>
File: ReboundExGif2/gganim_plot0014.png Graphic file (type png)
<use ReboundExGif2/gganim_plot0014.png>
Package pdftex.def Info: ReboundExGif2/gganim_plot0014.png  used on input line 
136.
(pdftex.def)             Requested size: 1003.74756pt x 702.62328pt.
 <./ReboundExGif2/gganim_plot0014.png> <a0,fr9>
<ReboundExGif2/gganim_plot0015.png, id=171, 1003.75pt x 702.625pt>
File: ReboundExGif2/gganim_plot0015.png Graphic file (type png)
<use ReboundExGif2/gganim_plot0015.png>
Package pdftex.def Info: ReboundExGif2/gganim_plot0015.png  used on input line 
136.
(pdftex.def)             Requested size: 1003.74756pt x 702.62328pt.
 <./ReboundExGif2/gganim_plot0015.png> <a0,fr10>
<ReboundExGif2/gganim_plot0016.png, id=180, 1003.75pt x 702.625pt>
File: ReboundExGif2/gganim_plot0016.png Graphic file (type png)
<use ReboundExGif2/gganim_plot0016.png>
Package pdftex.def Info: ReboundExGif2/gganim_plot0016.png  used on input line 
136.
(pdftex.def)             Requested size: 1003.74756pt x 702.62328pt.
 <./ReboundExGif2/gganim_plot0016.png> <a0,fr11>
<ReboundExGif2/gganim_plot0017.png, id=189, 1003.75pt x 702.625pt>
File: ReboundExGif2/gganim_plot0017.png Graphic file (type png)
<use ReboundExGif2/gganim_plot0017.png>
Package pdftex.def Info: ReboundExGif2/gganim_plot0017.png  used on input line 
136.
(pdftex.def)             Requested size: 1003.74756pt x 702.62328pt.
 <./ReboundExGif2/gganim_plot0017.png> <a0,fr12>
<ReboundExGif2/gganim_plot0018.png, id=198, 1003.75pt x 702.625pt>
File: ReboundExGif2/gganim_plot0018.png Graphic file (type png)
<use ReboundExGif2/gganim_plot0018.png>
Package pdftex.def Info: ReboundExGif2/gganim_plot0018.png  used on input line 
136.
(pdftex.def)             Requested size: 1003.74756pt x 702.62328pt.
 <./ReboundExGif2/gganim_plot0018.png> <a0,fr13>
<ReboundExGif2/gganim_plot0019.png, id=207, 1003.75pt x 702.625pt>
File: ReboundExGif2/gganim_plot0019.png Graphic file (type png)
<use ReboundExGif2/gganim_plot0019.png>
Package pdftex.def Info: ReboundExGif2/gganim_plot0019.png  used on input line 
136.
(pdftex.def)             Requested size: 1003.74756pt x 702.62328pt.
 <./ReboundExGif2/gganim_plot0019.png> <a0,fr14>
<ReboundExGif2/gganim_plot0020.png, id=216, 1003.75pt x 702.625pt>
File: ReboundExGif2/gganim_plot0020.png Graphic file (type png)
<use ReboundExGif2/gganim_plot0020.png>
Package pdftex.def Info: ReboundExGif2/gganim_plot0020.png  used on input line 
136.
(pdftex.def)             Requested size: 1003.74756pt x 702.62328pt.
 <./ReboundExGif2/gganim_plot0020.png> <a0,fr15>
<ReboundExGif2/gganim_plot0021.png, id=225, 1003.75pt x 702.625pt>
File: ReboundExGif2/gganim_plot0021.png Graphic file (type png)
<use ReboundExGif2/gganim_plot0021.png>
Package pdftex.def Info: ReboundExGif2/gganim_plot0021.png  used on input line 
136.
(pdftex.def)             Requested size: 1003.74756pt x 702.62328pt.
 <./ReboundExGif2/gganim_plot0021.png> <a0,fr16>
<ReboundExGif2/gganim_plot0022.png, id=234, 1003.75pt x 702.625pt>
File: ReboundExGif2/gganim_plot0022.png Graphic file (type png)
<use ReboundExGif2/gganim_plot0022.png>
Package pdftex.def Info: ReboundExGif2/gganim_plot0022.png  used on input line 
136.
(pdftex.def)             Requested size: 1003.74756pt x 702.62328pt.
 <./ReboundExGif2/gganim_plot0022.png> <a0,fr17>
<ReboundExGif2/gganim_plot0023.png, id=243, 1003.75pt x 702.625pt>
File: ReboundExGif2/gganim_plot0023.png Graphic file (type png)
<use ReboundExGif2/gganim_plot0023.png>
Package pdftex.def Info: ReboundExGif2/gganim_plot0023.png  used on input line 
136.
(pdftex.def)             Requested size: 1003.74756pt x 702.62328pt.
 <./ReboundExGif2/gganim_plot0023.png> <a0,fr18>
<ReboundExGif2/gganim_plot0024.png, id=252, 1003.75pt x 702.625pt>
File: ReboundExGif2/gganim_plot0024.png Graphic file (type png)
<use ReboundExGif2/gganim_plot0024.png>
Package pdftex.def Info: ReboundExGif2/gganim_plot0024.png  used on input line 
136.
(pdftex.def)             Requested size: 1003.74756pt x 702.62328pt.
 <./ReboundExGif2/gganim_plot0024.png> <a0,fr19>
<ReboundExGif2/gganim_plot0025.png, id=261, 1003.75pt x 702.625pt>
File: ReboundExGif2/gganim_plot0025.png Graphic file (type png)
<use ReboundExGif2/gganim_plot0025.png>
Package pdftex.def Info: ReboundExGif2/gganim_plot0025.png  used on input line 
136.
(pdftex.def)             Requested size: 1003.74756pt x 702.62328pt.
 <./ReboundExGif2/gganim_plot0025.png> <a0,fr20>
<ReboundExGif2/gganim_plot0026.png, id=270, 1003.75pt x 702.625pt>
File: ReboundExGif2/gganim_plot0026.png Graphic file (type png)
<use ReboundExGif2/gganim_plot0026.png>
Package pdftex.def Info: ReboundExGif2/gganim_plot0026.png  used on input line 
136.
(pdftex.def)             Requested size: 1003.74756pt x 702.62328pt.
 <./ReboundExGif2/gganim_plot0026.png> <a0,fr21>
<ReboundExGif2/gganim_plot0027.png, id=279, 1003.75pt x 702.625pt>
File: ReboundExGif2/gganim_plot0027.png Graphic file (type png)
<use ReboundExGif2/gganim_plot0027.png>
Package pdftex.def Info: ReboundExGif2/gganim_plot0027.png  used on input line 
136.
(pdftex.def)             Requested size: 1003.74756pt x 702.62328pt.
 <./ReboundExGif2/gganim_plot0027.png> <a0,fr22>
<ReboundExGif2/gganim_plot0028.png, id=289, 1003.75pt x 702.625pt>
File: ReboundExGif2/gganim_plot0028.png Graphic file (type png)
<use ReboundExGif2/gganim_plot0028.png>
Package pdftex.def Info: ReboundExGif2/gganim_plot0028.png  used on input line 
136.
(pdftex.def)             Requested size: 1003.74756pt x 702.62328pt.
 <./ReboundExGif2/gganim_plot0028.png> <a0,fr23>
<ReboundExGif2/gganim_plot0029.png, id=298, 1003.75pt x 702.625pt>
File: ReboundExGif2/gganim_plot0029.png Graphic file (type png)
<use ReboundExGif2/gganim_plot0029.png>
Package pdftex.def Info: ReboundExGif2/gganim_plot0029.png  used on input line 
136.
(pdftex.def)             Requested size: 1003.74756pt x 702.62328pt.
 <./ReboundExGif2/gganim_plot0029.png> <a0,fr24>
<ReboundExGif2/gganim_plot0030.png, id=307, 1003.75pt x 702.625pt>
File: ReboundExGif2/gganim_plot0030.png Graphic file (type png)
<use ReboundExGif2/gganim_plot0030.png>
Package pdftex.def Info: ReboundExGif2/gganim_plot0030.png  used on input line 
136.
(pdftex.def)             Requested size: 1003.74756pt x 702.62328pt.
 <./ReboundExGif2/gganim_plot0030.png> <a0,fr25>
<ReboundExGif2/gganim_plot0031.png, id=316, 1003.75pt x 702.625pt>
File: ReboundExGif2/gganim_plot0031.png Graphic file (type png)
<use ReboundExGif2/gganim_plot0031.png>
Package pdftex.def Info: ReboundExGif2/gganim_plot0031.png  used on input line 
136.
(pdftex.def)             Requested size: 1003.74756pt x 702.62328pt.
 <./ReboundExGif2/gganim_plot0031.png>
<a0,fr26>
<ReboundExGif2/gganim_plot0032.png, id=325, 1003.75pt x 702.625pt>
File: ReboundExGif2/gganim_plot0032.png Graphic file (type png)
<use ReboundExGif2/gganim_plot0032.png>
Package pdftex.def Info: ReboundExGif2/gganim_plot0032.png  used on input line 
136.
(pdftex.def)             Requested size: 1003.74756pt x 702.62328pt.
 <./ReboundExGif2/gganim_plot0032.png> <a0,fr27>
<ReboundExGif2/gganim_plot0033.png, id=334, 1003.75pt x 702.625pt>
File: ReboundExGif2/gganim_plot0033.png Graphic file (type png)
<use ReboundExGif2/gganim_plot0033.png>
Package pdftex.def Info: ReboundExGif2/gganim_plot0033.png  used on input line 
136.
(pdftex.def)             Requested size: 1003.74756pt x 702.62328pt.
 <./ReboundExGif2/gganim_plot0033.png> <a0,fr28>
<ReboundExGif2/gganim_plot0034.png, id=343, 1003.75pt x 702.625pt>
File: ReboundExGif2/gganim_plot0034.png Graphic file (type png)
<use ReboundExGif2/gganim_plot0034.png>
Package pdftex.def Info: ReboundExGif2/gganim_plot0034.png  used on input line 
136.
(pdftex.def)             Requested size: 1003.74756pt x 702.62328pt.
 <./ReboundExGif2/gganim_plot0034.png> <a0,fr29>
<ReboundExGif2/gganim_plot0035.png, id=352, 1003.75pt x 702.625pt>
File: ReboundExGif2/gganim_plot0035.png Graphic file (type png)
<use ReboundExGif2/gganim_plot0035.png>
Package pdftex.def Info: ReboundExGif2/gganim_plot0035.png  used on input line 
136.
(pdftex.def)             Requested size: 1003.74756pt x 702.62328pt.
 <./ReboundExGif2/gganim_plot0035.png> <a0,fr30>
<ReboundExGif2/gganim_plot0036.png, id=361, 1003.75pt x 702.625pt>
File: ReboundExGif2/gganim_plot0036.png Graphic file (type png)
<use ReboundExGif2/gganim_plot0036.png>
Package pdftex.def Info: ReboundExGif2/gganim_plot0036.png  used on input line 
136.
(pdftex.def)             Requested size: 1003.74756pt x 702.62328pt.
 <./ReboundExGif2/gganim_plot0036.png> <a0,fr31>
<ReboundExGif2/gganim_plot0037.png, id=370, 1003.75pt x 702.625pt>
File: ReboundExGif2/gganim_plot0037.png Graphic file (type png)
<use ReboundExGif2/gganim_plot0037.png>
Package pdftex.def Info: ReboundExGif2/gganim_plot0037.png  used on input line 
136.
(pdftex.def)             Requested size: 1003.74756pt x 702.62328pt.
 <./ReboundExGif2/gganim_plot0037.png> <a0,fr32>
<ReboundExGif2/gganim_plot0038.png, id=379, 1003.75pt x 702.625pt>
File: ReboundExGif2/gganim_plot0038.png Graphic file (type png)
<use ReboundExGif2/gganim_plot0038.png>
Package pdftex.def Info: ReboundExGif2/gganim_plot0038.png  used on input line 
136.
(pdftex.def)             Requested size: 1003.74756pt x 702.62328pt.
 <./ReboundExGif2/gganim_plot0038.png> <a0,fr33>
<ReboundExGif2/gganim_plot0039.png, id=388, 1003.75pt x 702.625pt>
File: ReboundExGif2/gganim_plot0039.png Graphic file (type png)
<use ReboundExGif2/gganim_plot0039.png>
Package pdftex.def Info: ReboundExGif2/gganim_plot0039.png  used on input line 
136.
(pdftex.def)             Requested size: 1003.74756pt x 702.62328pt.
 <./ReboundExGif2/gganim_plot0039.png> <a0,fr34>
<ReboundExGif2/gganim_plot0040.png, id=397, 1003.75pt x 702.625pt>
File: ReboundExGif2/gganim_plot0040.png Graphic file (type png)
<use ReboundExGif2/gganim_plot0040.png>
Package pdftex.def Info: ReboundExGif2/gganim_plot0040.png  used on input line 
136.
(pdftex.def)             Requested size: 1003.74756pt x 702.62328pt.
 <./ReboundExGif2/gganim_plot0040.png> <a0,fr35>
<ReboundExGif2/gganim_plot0041.png, id=406, 1003.75pt x 702.625pt>
File: ReboundExGif2/gganim_plot0041.png Graphic file (type png)
<use ReboundExGif2/gganim_plot0041.png>
Package pdftex.def Info: ReboundExGif2/gganim_plot0041.png  used on input line 
136.
(pdftex.def)             Requested size: 1003.74756pt x 702.62328pt.
 <./ReboundExGif2/gganim_plot0041.png> <a0,fr36>
<ReboundExGif2/gganim_plot0042.png, id=415, 1003.75pt x 702.625pt>
File: ReboundExGif2/gganim_plot0042.png Graphic file (type png)
<use ReboundExGif2/gganim_plot0042.png>
Package pdftex.def Info: ReboundExGif2/gganim_plot0042.png  used on input line 
136.
(pdftex.def)             Requested size: 1003.74756pt x 702.62328pt.
 <./ReboundExGif2/gganim_plot0042.png> <a0,fr37>
<ReboundExGif2/gganim_plot0043.png, id=424, 1003.75pt x 702.625pt>
File: ReboundExGif2/gganim_plot0043.png Graphic file (type png)
<use ReboundExGif2/gganim_plot0043.png>
Package pdftex.def Info: ReboundExGif2/gganim_plot0043.png  used on input line 
136.
(pdftex.def)             Requested size: 1003.74756pt x 702.62328pt.
 <./ReboundExGif2/gganim_plot0043.png> <a0,fr38>
<ReboundExGif2/gganim_plot0044.png, id=433, 1003.75pt x 702.625pt>
File: ReboundExGif2/gganim_plot0044.png Graphic file (type png)
<use ReboundExGif2/gganim_plot0044.png>
Package pdftex.def Info: ReboundExGif2/gganim_plot0044.png  used on input line 
136.
(pdftex.def)             Requested size: 1003.74756pt x 702.62328pt.
 <./ReboundExGif2/gganim_plot0044.png>
<a0,fr39>
<ReboundExGif2/gganim_plot0045.png, id=442, 1003.75pt x 702.625pt>
File: ReboundExGif2/gganim_plot0045.png Graphic file (type png)
<use ReboundExGif2/gganim_plot0045.png>
Package pdftex.def Info: ReboundExGif2/gganim_plot0045.png  used on input line 
136.
(pdftex.def)             Requested size: 1003.74756pt x 702.62328pt.
 <./ReboundExGif2/gganim_plot0045.png> <a0,fr40>
<ReboundExGif2/gganim_plot0046.png, id=451, 1003.75pt x 702.625pt>
File: ReboundExGif2/gganim_plot0046.png Graphic file (type png)
<use ReboundExGif2/gganim_plot0046.png>
Package pdftex.def Info: ReboundExGif2/gganim_plot0046.png  used on input line 
136.
(pdftex.def)             Requested size: 1003.74756pt x 702.62328pt.
 <./ReboundExGif2/gganim_plot0046.png> <a0,fr41>
<ReboundExGif2/gganim_plot0047.png, id=460, 1003.75pt x 702.625pt>
File: ReboundExGif2/gganim_plot0047.png Graphic file (type png)
<use ReboundExGif2/gganim_plot0047.png>
Package pdftex.def Info: ReboundExGif2/gganim_plot0047.png  used on input line 
136.
(pdftex.def)             Requested size: 1003.74756pt x 702.62328pt.
 <./ReboundExGif2/gganim_plot0047.png> <a0,fr42>
<ReboundExGif2/gganim_plot0048.png, id=469, 1003.75pt x 702.625pt>
File: ReboundExGif2/gganim_plot0048.png Graphic file (type png)
<use ReboundExGif2/gganim_plot0048.png>
Package pdftex.def Info: ReboundExGif2/gganim_plot0048.png  used on input line 
136.
(pdftex.def)             Requested size: 1003.74756pt x 702.62328pt.
 <./ReboundExGif2/gganim_plot0048.png> <a0,fr43>
<ReboundExGif2/gganim_plot0049.png, id=478, 1003.75pt x 702.625pt>
File: ReboundExGif2/gganim_plot0049.png Graphic file (type png)
<use ReboundExGif2/gganim_plot0049.png>
Package pdftex.def Info: ReboundExGif2/gganim_plot0049.png  used on input line 
136.
(pdftex.def)             Requested size: 1003.74756pt x 702.62328pt.
 <./ReboundExGif2/gganim_plot0049.png> <a0,fr44> [2

]
<ReboundExNoProbs.png, id=507, 3011.25pt x 2107.875pt>
File: ReboundExNoProbs.png Graphic file (type png)
<use ReboundExNoProbs.png>
Package pdftex.def Info: ReboundExNoProbs.png  used on input line 164.
(pdftex.def)             Requested size: 433.62001pt x 303.52733pt.
 [3 <./ReboundExNoProbs.png>]
<EDAplots.png, id=523, 3011.25pt x 2107.875pt>
File: EDAplots.png Graphic file (type png)
<use EDAplots.png>
Package pdftex.def Info: EDAplots.png  used on input line 177.
(pdftex.def)             Requested size: 390.25536pt x 273.16495pt.
 [4 <./EDAplots.png>]
<Modeling_Process.png, id=536, 721.69624pt x 275.0275pt>
File: Modeling_Process.png Graphic file (type png)
<use Modeling_Process.png>
Package pdftex.def Info: Modeling_Process.png  used on input line 224.
(pdftex.def)             Requested size: 433.62001pt x 165.24438pt.
 [5 <./Modeling_Process.png>]
<ReboundEx.png, id=556, 3011.25pt x 2107.875pt>
File: ReboundEx.png Graphic file (type png)
<use ReboundEx.png>
Package pdftex.def Info: ReboundEx.png  used on input line 251.
(pdftex.def)             Requested size: 433.62001pt x 303.52733pt.
 [6 <./ReboundEx.png>]
<LandingEx.png, id=568, 3011.25pt x 2107.875pt>
File: LandingEx.png Graphic file (type png)
<use LandingEx.png>
Package pdftex.def Info: LandingEx.png  used on input line 265.
(pdftex.def)             Requested size: 433.62001pt x 303.52733pt.
 [7 <./LandingEx.png>]
<BoxOutEx.png, id=577, 3011.25pt x 2107.875pt>
File: BoxOutEx.png Graphic file (type png)
<use BoxOutEx.png>
Package pdftex.def Info: BoxOutEx.png  used on input line 284.
(pdftex.def)             Requested size: 433.62001pt x 303.52733pt.
 [8 <./BoxOutEx.png>]
<SpeedEx.png, id=586, 3011.25pt x 2107.875pt>
File: SpeedEx.png Graphic file (type png)
<use SpeedEx.png>
Package pdftex.def Info: SpeedEx.png  used on input line 300.
(pdftex.def)             Requested size: 433.62001pt x 303.52733pt.
 [9

 <./SpeedEx.png>]
LaTeX Font Info:    Try loading font information for U+dsrom on input line 334.


(/usr/local/texlive/2018/texmf-dist/tex/latex/doublestroke/Udsrom.fd
File: Udsrom.fd 1995/08/01 v0.1 Double stroke roman font definitions
) [10

]
<TeamsPlot.png, id=611, 1806.75pt x 1505.625pt>
File: TeamsPlot.png Graphic file (type png)
<use TeamsPlot.png>
Package pdftex.def Info: TeamsPlot.png  used on input line 375.
(pdftex.def)             Requested size: 346.89732pt x 289.08131pt.

[11 <./TeamsPlot.png>] [12]
\tmpboxcontent=\box80
<KLoveGoodPlayWithScores.png, id=628, 3011.25pt x 2107.875pt>
File: KLoveGoodPlayWithScores.png Graphic file (type png)
<use KLoveGoodPlayWithScores.png>
Package pdftex.def Info: KLoveGoodPlayWithScores.png  used on input line 422.
(pdftex.def)             Requested size: 433.62001pt x 303.52733pt.
 [13

 <./KLoveGoodPlayWithScores.png>]
<PlayersPlot2.jpg, id=643, 2409.0pt x 2107.875pt>
File: PlayersPlot2.jpg Graphic file (type jpg)
<use PlayersPlot2.jpg>
Package pdftex.def Info: PlayersPlot2.jpg  used on input line 462.
(pdftex.def)             Requested size: 368.57965pt x 322.50383pt.
 [14 <./PlayersPlot2.jpg>]
<PlayersPlotCstEnv2.jpg, id=655, 2409.0pt x 2107.875pt>
File: PlayersPlotCstEnv2.jpg Graphic file (type jpg)
<use PlayersPlotCstEnv2.jpg>
Package pdftex.def Info: PlayersPlotCstEnv2.jpg  used on input line 488.
(pdftex.def)             Requested size: 368.57965pt x 322.50383pt.
 [15 <./PlayersPlotCstEnv2.jpg>]
<GuardsPlot2.jpg, id=667, 2409.0pt x 2107.875pt>
File: GuardsPlot2.jpg Graphic file (type jpg)
<use GuardsPlot2.jpg>
Package pdftex.def Info: GuardsPlot2.jpg  used on input line 502.
(pdftex.def)             Requested size: 368.57965pt x 322.50383pt.


Package movie15 Warning: @@@@@@@@@@@@@@@@@@@@@@@@@@@@@@@@@@@@@@@
(movie15)                @@ Package `movie15' is obsolete and @@
(movie15)                @@ superseded by `media9'.           @@
(movie15)                @@@@@@@@@@@@@@@@@@@@@@@@@@@@@@@@@@@@@@@.

[16

 <./GuardsPlot2.jpg>]
Package atveryend Info: Empty hook `BeforeClearDocument' on input line 508.
Package atveryend Info: Empty hook `AfterLastShipout' on input line 508.
 (./ReboundNet.aux)
Package atveryend Info: Executing hook `AtVeryEndDocument' on input line 508.
Package atveryend Info: Executing hook `AtEndAfterFileList' on input line 508.
Package rerunfilecheck Info: File `ReboundNet.out' has not changed.
(rerunfilecheck)             Checksum: 331FFC424461D68E267787C537FB5639;543.
Package atveryend Info: Empty hook `AtVeryVeryEnd' on input line 508.
 ) 
Here is how much of TeX's memory you used:
 31884 strings out of 492649
 610121 string characters out of 6129622
 831725 words of memory out of 5000000
 35142 multiletter control sequences out of 15000+600000
 540294 words of font info for 64 fonts, out of 8000000 for 9000
 1141 hyphenation exceptions out of 8191
 62i,24n,92p,10446b,569s stack positions out of 5000i,500n,10000p,200000b,80000s
pdfTeX warning (dest): name{Hfootnote.11} has been referenced but does not ex
ist, replaced by a fixed one

pdfTeX warning (dest): name{Hfootnote.10} has been referenced but does not exis
t, replaced by a fixed one

pdfTeX warning (dest): name{Hfootnote.9} has been referenced but does not exist
, replaced by a fixed one

pdfTeX warning (dest): name{Hfootnote.8} has been referenced but does not exist
, replaced by a fixed one

pdfTeX warning (dest): name{Hfootnote.7} has been referenced but does not exist
, replaced by a fixed one

pdfTeX warning (dest): name{Hfootnote.6} has been referenced but does not exist
, replaced by a fixed one

pdfTeX warning (dest): name{Hfootnote.5} has been referenced but does not exist
, replaced by a fixed one

pdfTeX warning (dest): name{Hfootnote.4} has been referenced but does not exist
, replaced by a fixed one

pdfTeX warning (dest): name{Hfootnote.3} has been referenced but does not exist
, replaced by a fixed one

pdfTeX warning (dest): name{Hfootnote.2} has been referenced but does not exist
, replaced by a fixed one

pdfTeX warning (dest): name{Hfootnote.1} has been referenced but does not exist
, replaced by a fixed one

</usr/local/texlive/2018/texmf-dist/fonts/type1/public/amsfonts/cm/cmbx10.pfb><
/usr/local/texlive/2018/texmf-dist/fonts/type1/public/amsfonts/cm/cmbx12.pfb></
usr/local/texlive/2018/texmf-dist/fonts/type1/public/amsfonts/cm/cmbx9.pfb></us
r/local/texlive/2018/texmf-dist/fonts/type1/public/amsfonts/cm/cmex10.pfb></usr
/local/texlive/2018/texmf-dist/fonts/type1/public/amsfonts/cm/cmmi10.pfb></usr/
local/texlive/2018/texmf-dist/fonts/type1/public/amsfonts/cm/cmmi5.pfb></usr/lo
cal/texlive/2018/texmf-dist/fonts/type1/public/amsfonts/cm/cmmi6.pfb></usr/loca
l/texlive/2018/texmf-dist/fonts/type1/public/amsfonts/cm/cmmi7.pfb></usr/local/
texlive/2018/texmf-dist/fonts/type1/public/amsfonts/cm/cmmi8.pfb></usr/local/te
xlive/2018/texmf-dist/fonts/type1/public/amsfonts/cm/cmr10.pfb></usr/local/texl
ive/2018/texmf-dist/fonts/type1/public/amsfonts/cm/cmr12.pfb></usr/local/texliv
e/2018/texmf-dist/fonts/type1/public/amsfonts/cm/cmr6.pfb></usr/local/texlive/2
018/texmf-dist/fonts/type1/public/amsfonts/cm/cmr7.pfb></usr/local/texlive/2018
/texmf-dist/fonts/type1/public/amsfonts/cm/cmr8.pfb></usr/local/texlive/2018/te
xmf-dist/fonts/type1/public/amsfonts/cm/cmr9.pfb></usr/local/texlive/2018/texmf
-dist/fonts/type1/public/amsfonts/cm/cmsy10.pfb></usr/local/texlive/2018/texmf-
dist/fonts/type1/public/amsfonts/cm/cmti10.pfb></usr/local/texlive/2018/texmf-d
ist/fonts/type1/public/doublestroke/dsrom10.pfb>
Output written on ReboundNet.pdf (16 pages, 8020836 bytes).
PDF statistics:
 749 PDF objects out of 1000 (max. 8388607)
 444 compressed objects within 5 object streams
 67 named destinations out of 1000 (max. 500000)
 1288 words of extra memory for PDF output out of 10000 (max. 10000000)

